yarn add v1.22.5
warning ..\..\package.json: No license field
warning package-lock.json found. Your project contains lock files generated by tools other than Yarn. It is advised not to mix package managers in order to avoid resolution inconsistencies caused by unsynchronized lock files. To clear this warning, remove package-lock.json.
[1/4] Resolving packages...
[2/4] Fetching packages...
info fsevents@2.3.2: The platform "win32" is incompatible with this module.
info "fsevents@2.3.2" is an optional dependency and failed compatibility check. Excluding it from installation.
info @esbuild/android-arm@0.17.19: The platform "win32" is incompatible with this module.
info "@esbuild/android-arm@0.17.19" is an optional dependency and failed compatibility check. Excluding it from installation.
info @esbuild/android-arm@0.17.19: The CPU architecture "x64" is incompatible with this module.
info @esbuild/darwin-arm64@0.17.19: The platform "win32" is incompatible with this module.
info "@esbuild/darwin-arm64@0.17.19" is an optional dependency and failed compatibility check. Excluding it from installation.
info @esbuild/darwin-arm64@0.17.19: The CPU architecture "x64" is incompatible with this module.
info @esbuild/android-x64@0.17.19: The platform "win32" is incompatible with this module.
info "@esbuild/android-x64@0.17.19" is an optional dependency and failed compatibility check. Excluding it from installation.
info @esbuild/darwin-x64@0.17.19: The platform "win32" is incompatible with this module.
info "@esbuild/darwin-x64@0.17.19" is an optional dependency and failed compatibility check. Excluding it from installation.
info @esbuild/freebsd-arm64@0.17.19: The platform "win32" is incompatible with this module.
info "@esbuild/freebsd-arm64@0.17.19" is an optional dependency and failed compatibility check. Excluding it from installation.
info @esbuild/freebsd-arm64@0.17.19: The CPU architecture "x64" is incompatible with this module.
info @esbuild/freebsd-x64@0.17.19: The platform "win32" is incompatible with this module.
info "@esbuild/freebsd-x64@0.17.19" is an optional dependency and failed compatibility check. Excluding it from installation.
info @esbuild/linux-arm@0.17.19: The platform "win32" is incompatible with this module.
info "@esbuild/linux-arm@0.17.19" is an optional dependency and failed compatibility check. Excluding it from installation.
info @esbuild/linux-arm@0.17.19: The CPU architecture "x64" is incompatible with this module.
info @esbuild/linux-arm64@0.17.19: The platform "win32" is incompatible with this module.
info "@esbuild/linux-arm64@0.17.19" is an optional dependency and failed compatibility check. Excluding it from installation.
info @esbuild/linux-arm64@0.17.19: The CPU architecture "x64" is incompatible with this module.
info @esbuild/linux-mips64el@0.17.19: The platform "win32" is incompatible with this module.
info "@esbuild/linux-mips64el@0.17.19" is an optional dependency and failed compatibility check. Excluding it from installation.
info @esbuild/linux-mips64el@0.17.19: The CPU architecture "x64" is incompatible with this module.
info @esbuild/linux-loong64@0.17.19: The platform "win32" is incompatible with this module.
info "@esbuild/linux-loong64@0.17.19" is an optional dependency and failed compatibility check. Excluding it from installation.
info @esbuild/linux-loong64@0.17.19: The CPU architecture "x64" is incompatible with this module.
info @esbuild/linux-ia32@0.17.19: The platform "win32" is incompatible with this module.
info "@esbuild/linux-ia32@0.17.19" is an optional dependency and failed compatibility check. Excluding it from installation.
info @esbuild/linux-ia32@0.17.19: The CPU architecture "x64" is incompatible with this module.
info @esbuild/linux-ppc64@0.17.19: The platform "win32" is incompatible with this module.
info "@esbuild/linux-ppc64@0.17.19" is an optional dependency and failed compatibility check. Excluding it from installation.
info @esbuild/linux-ppc64@0.17.19: The CPU architecture "x64" is incompatible with this module.
info @esbuild/linux-riscv64@0.17.19: The platform "win32" is incompatible with this module.
info "@esbuild/linux-riscv64@0.17.19" is an optional dependency and failed compatibility check. Excluding it from installation.
info @esbuild/linux-riscv64@0.17.19: The CPU architecture "x64" is incompatible with this module.
info @esbuild/linux-s390x@0.17.19: The platform "win32" is incompatible with this module.
info "@esbuild/linux-s390x@0.17.19" is an optional dependency and failed compatibility check. Excluding it from installation.
info @esbuild/linux-s390x@0.17.19: The CPU architecture "x64" is incompatible with this module.
info @esbuild/linux-x64@0.17.19: The platform "win32" is incompatible with this module.
info "@esbuild/linux-x64@0.17.19" is an optional dependency and failed compatibility check. Excluding it from installation.
info @esbuild/netbsd-x64@0.17.19: The platform "win32" is incompatible with this module.
info "@esbuild/netbsd-x64@0.17.19" is an optional dependency and failed compatibility check. Excluding it from installation.
info @esbuild/openbsd-x64@0.17.19: The platform "win32" is incompatible with this module.
info "@esbuild/openbsd-x64@0.17.19" is an optional dependency and failed compatibility check. Excluding it from installation.
info @esbuild/sunos-x64@0.17.19: The platform "win32" is incompatible with this module.
info "@esbuild/sunos-x64@0.17.19" is an optional dependency and failed compatibility check. Excluding it from installation.
info @esbuild/win32-arm64@0.17.19: The CPU architecture "x64" is incompatible with this module.
info "@esbuild/win32-arm64@0.17.19" is an optional dependency and failed compatibility check. Excluding it from installation.
info @esbuild/win32-ia32@0.17.19: The CPU architecture "x64" is incompatible with this module.
info "@esbuild/win32-ia32@0.17.19" is an optional dependency and failed compatibility check. Excluding it from installation.
info @esbuild/android-arm64@0.17.19: The platform "win32" is incompatible with this module.
info "@esbuild/android-arm64@0.17.19" is an optional dependency and failed compatibility check. Excluding it from installation.
info @esbuild/android-arm64@0.17.19: The CPU architecture "x64" is incompatible with this module.
[3/4] Linking dependencies...
warning " > @testing-library/user-event@13.5.0" has unmet peer dependency "@testing-library/dom@>=7.21.4".
warning "react-scripts > eslint-config-react-app > eslint-plugin-flowtype@8.0.3" has unmet peer dependency "@babel/plugin-syntax-flow@^7.14.5".
warning "react-scripts > eslint-config-react-app > eslint-plugin-flowtype@8.0.3" has unmet peer dependency "@babel/plugin-transform-react-jsx@^7.14.9".
warning "eslint-plugin-storybook > @typescript-eslint/utils@5.59.7" has unmet peer dependency "eslint@^6.0.0 || ^7.0.0 || ^8.0.0".
warning "@storybook/react-webpack5 > @storybook/preset-react-webpack > @babel/preset-flow@7.21.4" has unmet peer dependency "@babel/core@^7.0.0-0".
warning "@storybook/react-webpack5 > @storybook/preset-react-webpack > @babel/preset-react@7.22.3" has unmet peer dependency "@babel/core@^7.0.0-0".
warning " > @storybook/preset-create-react-app@7.0.18" has unmet peer dependency "@babel/core@*".
warning " > eslint-plugin-storybook@0.6.12" has unmet peer dependency "eslint@>=6".
error An unexpected error occurred: "EPERM: operation not permitted, unlink 'C:\\Users\\lhong\\Desktop\\workplace\\new\\easydesign\\node_modules\\node-sass\\vendor\\win32-x64-108\\binding.node'".
info If you think this is a bug, please open a bug report with the information provided in "C:\\Users\\lhong\\Desktop\\workplace\\new\\easydesign\\yarn-error.log".
info Visit https://yarnpkg.com/en/docs/cli/add for documentation about this command.
